{"level": "info", "event": "/Users/namrata/app/food_delivery/food_delivery/settings.py changed, reloading.", "timestamp": "2019-05-17T09:26:45.247194Z", "id": "20190517T092645_e363ffde788511e9a4b16030d486a5f6", "type": "log", "host": "Namratas-MacBook-Air.local"}
{"level": "warning", "event": "Not Found: /favicon.ico", "timestamp": "2019-05-17T09:31:11.991936Z", "id": "20190517T093111_8261fd0c788611e9a2086030d486a5f6", "type": "log", "host": "Namratas-MacBook-Air.local"}
{"level": "warning", "event": "Not Found: /favicon.ico", "timestamp": "2019-05-17T09:56:00.852147Z", "id": "20190517T095600_f9d00372788911e984fe6030d486a5f6", "type": "log", "host": "Namratas-MacBook-Air.local"}
{"level": "info", "event": "/Users/namrata/app/food_delivery/food_delivery/settings.py changed, reloading.", "timestamp": "2019-05-17T09:58:55.605977Z", "id": "20190517T095855_61f95340788a11e984fe6030d486a5f6", "type": "log", "host": "Namratas-MacBook-Air.local"}
{"level": "info", "event": "/Users/namrata/app/food_delivery/food/views.py changed, reloading.", "timestamp": "2019-05-17T11:05:08.033227Z", "id": "20190517T110508_a1b9a954789311e9a8456030d486a5f6", "type": "log", "host": "Namratas-MacBook-Air.local"}
{"level": "warning", "event": "Not Found: /get_details", "timestamp": "2019-05-17T18:18:12.282861Z", "id": "20190517T181812_218b7d6078d011e9ac3c6030d486a5f6", "type": "log", "host": "Namratas-MacBook-Air.local"}
{"__requestid": "c1cf5", "namespace": "", "function": "get_details", "apiid": "", "message": {"message": "get_details() missing 1 required positional argument: 'kwargs'", "code": 50000, "error": "[() TypeError]", "success": false}, "__params": {}, "level": "error", "event": "handle_request_error", "timestamp": "2019-05-17T18:19:03.334022Z", "id": "20190517T181903_3ff93fa878d011e9ac3c6030d486a5f6", "type": "log", "host": "Namratas-MacBook-Air.local", "exception": "Traceback (most recent call last):\n  File \"/Users/namrata/venv1/lib/python3.7/site-packages/kwikapi/api.py\", line 531, in handle_request\n    raise e\n  File \"/Users/namrata/venv1/lib/python3.7/site-packages/kwikapi/api.py\", line 521, in handle_request\n    result = request.fn(**request.fn_params)\nTypeError: get_details() missing 1 required positional argument: 'kwargs'"}
{"__requestid": "fd773", "namespace": "", "function": "get_details", "apiid": "", "message": {"message": "get_details() got an unexpected keyword argument 'order_no'", "code": 50010, "error": "[() KeywordArgumentError]", "success": false}, "__params": {"order_no": 1}, "level": "error", "event": "handle_request_error", "timestamp": "2019-05-17T18:19:21.624726Z", "id": "20190517T181921_4ae0312e78d011e9ac3c6030d486a5f6", "type": "log", "host": "Namratas-MacBook-Air.local", "exception": "Traceback (most recent call last):\n  File \"/Users/namrata/venv1/lib/python3.7/site-packages/kwikapi/api.py\", line 521, in handle_request\n    result = request.fn(**request.fn_params)\nTypeError: get_details() got an unexpected keyword argument 'order_no'\n\nDuring handling of the above exception, another exception occurred:\n\nTraceback (most recent call last):\n  File \"/Users/namrata/venv1/lib/python3.7/site-packages/kwikapi/api.py\", line 529, in handle_request\n    raise KeywordArgumentError(e.args[0])\nkwikapi.exception.KeywordArgumentError: get_details() got an unexpected keyword argument 'order_no'"}
{"__requestid": "bc5bb", "namespace": "", "function": "add_record", "apiid": "", "method": "GET", "compute_time": 0.04887986183166504, "serialize_time": 6.29425048828125e-05, "deserialize_time": 0.0, "__params": {"order_no": "1", "title": "noodles", "status": "not_delivered", "priority": "medium", "task": "no"}, "protocol": "json", "type": "logged_metric", "num_req": 1, "level": "info", "event": "kwikapi.handle_request", "timestamp": "2019-05-17T18:31:25.933301Z", "id": "20190517T183125_fa98e90c78d111e9ac3c6030d486a5f6", "host": "Namratas-MacBook-Air.local"}
{"__requestid": "9a7bb", "namespace": "", "function": "add_record", "apiid": "", "method": "GET", "compute_time": 0.011723041534423828, "serialize_time": 2.8848648071289062e-05, "deserialize_time": 0.0, "__params": {"order_no": "2", "title": "noodles", "status": "not_delivered", "priority": "medium", "task": "no"}, "protocol": "json", "type": "logged_metric", "num_req": 1, "level": "info", "event": "kwikapi.handle_request", "timestamp": "2019-05-17T18:31:37.644770Z", "id": "20190517T183137_0193ee8c78d211e9ac3c6030d486a5f6", "host": "Namratas-MacBook-Air.local"}
{"__requestid": "81895", "namespace": "", "function": "add_record", "apiid": "", "method": "GET", "compute_time": 0.01497197151184082, "serialize_time": 3.0040740966796875e-05, "deserialize_time": 0.0, "__params": {"order_no": "2", "title": "noodles", "status": "free", "priority": "medium", "task": "not_accepts"}, "protocol": "json", "type": "logged_metric", "num_req": 1, "level": "info", "event": "kwikapi.handle_request", "timestamp": "2019-05-17T18:33:47.789559Z", "id": "20190517T183347_4f26737c78d211e9ac3c6030d486a5f6", "host": "Namratas-MacBook-Air.local"}
{"level": "info", "event": "/Users/namrata/app/food_delivery/food/models.py changed, reloading.", "timestamp": "2019-05-17T19:00:22.847420Z", "id": "20190517T190022_05e0f91878d611e9ac3c6030d486a5f6", "type": "log", "host": "Namratas-MacBook-Air.local"}
{"level": "info", "event": "/Users/namrata/app/food_delivery/food/views.py changed, reloading.", "timestamp": "2019-05-17T19:03:03.301196Z", "id": "20190517T190303_6584476278d611e9b5536030d486a5f6", "type": "log", "host": "Namratas-MacBook-Air.local"}
{"level": "info", "event": "/Users/namrata/app/food_delivery/food/views.py changed, reloading.", "timestamp": "2019-05-17T19:29:06.887862Z", "id": "20190517T192906_097cac6c78da11e98b296030d486a5f6", "type": "log", "host": "Namratas-MacBook-Air.local"}
{"level": "info", "event": "/Users/namrata/app/food_delivery/food/views.py changed, reloading.", "timestamp": "2019-05-17T19:29:53.406654Z", "id": "20190517T192953_2536e17a78da11e994036030d486a5f6", "type": "log", "host": "Namratas-MacBook-Air.local"}
{"level": "info", "event": "/Users/namrata/app/food_delivery/food/views.py changed, reloading.", "timestamp": "2019-05-17T19:29:55.393451Z", "id": "20190517T192955_266609ea78da11e99fe66030d486a5f6", "type": "log", "host": "Namratas-MacBook-Air.local"}
{"__requestid": "1e2e1", "namespace": "", "function": "add_record", "apiid": "", "message": {"message": "Unknown API Function: \"add_record\"", "code": 50002, "error": "[() UnknownAPIFunction]", "success": false}, "__params": {}, "level": "error", "event": "handle_request_error", "timestamp": "2019-05-17T19:30:08.017854Z", "id": "20190517T193008_2dec607e78da11e98d606030d486a5f6", "type": "log", "host": "Namratas-MacBook-Air.local", "exception": "Traceback (most recent call last):\n  File \"/Users/namrata/venv1/lib/python3.7/site-packages/kwikapi/api.py\", line 515, in handle_request\n    rinfo = self._resolve_call_info(request)\n  File \"/Users/namrata/venv1/lib/python3.7/site-packages/kwikapi/api.py\", line 413, in _resolve_call_info\n    raise UnknownAPIFunction(fn_name)\nkwikapi.exception.UnknownAPIFunction: add_record"}
{"__requestid": "f823e", "namespace": "", "function": "add_order", "apiid": "", "method": "GET", "compute_time": 4.100799560546875e-05, "serialize_time": 4.38690185546875e-05, "deserialize_time": 0.0, "__params": {"order_no": "2", "title": "noodles", "status": "free", "priority": "medium", "task": "not_accepts"}, "protocol": "json", "type": "logged_metric", "num_req": 1, "level": "info", "event": "kwikapi.handle_request", "timestamp": "2019-05-17T19:30:16.188559Z", "id": "20190517T193016_32cb1ba878da11e98d606030d486a5f6", "host": "Namratas-MacBook-Air.local"}
{"__requestid": "4f614", "namespace": "", "function": "add_order", "apiid": "", "method": "GET", "compute_time": 3.0040740966796875e-05, "serialize_time": 4.029273986816406e-05, "deserialize_time": 0.0, "__params": {"order_no": "2", "title": "noodles", "status": "free", "priority": "medium", "task": "new"}, "protocol": "json", "type": "logged_metric", "num_req": 1, "level": "info", "event": "kwikapi.handle_request", "timestamp": "2019-05-17T19:30:30.424867Z", "id": "20190517T193030_3b47660678da11e98d606030d486a5f6", "host": "Namratas-MacBook-Air.local"}
{"level": "info", "event": "/Users/namrata/app/food_delivery/food/views.py changed, reloading.", "timestamp": "2019-05-17T19:30:48.945085Z", "id": "20190517T193048_46515afc78da11e98d606030d486a5f6", "type": "log", "host": "Namratas-MacBook-Air.local"}
{"__requestid": "fbdf0", "namespace": "", "function": "add_order", "apiid": "", "method": "GET", "compute_time": 0.032703399658203125, "serialize_time": 6.699562072753906e-05, "deserialize_time": 0.0, "__params": {"order_no": "2", "title": "noodles", "status": "free", "priority": "medium", "task": "new"}, "protocol": "json", "type": "logged_metric", "num_req": 1, "level": "info", "event": "kwikapi.handle_request", "timestamp": "2019-05-17T19:30:52.252145Z", "id": "20190517T193052_4849fecc78da11e9bb8b6030d486a5f6", "host": "Namratas-MacBook-Air.local"}
{"__requestid": "f561b", "namespace": "", "function": "add_order", "apiid": "", "method": "GET", "compute_time": 0.0032460689544677734, "serialize_time": 7.724761962890625e-05, "deserialize_time": 0.0, "__params": {"order_no": "2", "title": "noodles", "status": "free", "priority": "medium", "task": "new"}, "protocol": "json", "type": "logged_metric", "num_req": 1, "level": "info", "event": "kwikapi.handle_request", "timestamp": "2019-05-17T19:31:00.319188Z", "id": "20190517T193100_4d18e94a78da11e9bb8b6030d486a5f6", "host": "Namratas-MacBook-Air.local"}
{"__requestid": "85899", "namespace": "", "function": "add_order", "apiid": "", "method": "GET", "compute_time": 0.020914793014526367, "serialize_time": 6.29425048828125e-05, "deserialize_time": 0.0, "__params": {"order_no": "3", "title": "noodles", "status": "free", "priority": "medium", "task": "not_accepts"}, "protocol": "json", "type": "logged_metric", "num_req": 1, "level": "info", "event": "kwikapi.handle_request", "timestamp": "2019-05-17T19:31:52.076489Z", "id": "20190517T193152_6bf2720078da11e9bb8b6030d486a5f6", "host": "Namratas-MacBook-Air.local"}
{"__requestid": "bcfe5", "namespace": "", "function": "add_order", "apiid": "", "method": "GET", "compute_time": 0.012857198715209961, "serialize_time": 4.029273986816406e-05, "deserialize_time": 0.0, "__params": {"order_no": "1", "title": "noodles", "status": "free", "priority": "medium", "task": "declined"}, "protocol": "json", "type": "logged_metric", "num_req": 1, "level": "info", "event": "kwikapi.handle_request", "timestamp": "2019-05-17T19:32:15.782779Z", "id": "20190517T193215_7a13bd1c78da11e9bb8b6030d486a5f6", "host": "Namratas-MacBook-Air.local"}
{"__requestid": "d941b", "namespace": "", "function": "get_details", "apiid": "", "message": {"message": "get_details() missing 1 required positional argument: 'kwargs'", "code": 50000, "error": "[() TypeError]", "success": false}, "__params": {}, "level": "error", "event": "handle_request_error", "timestamp": "2019-05-17T19:32:37.320824Z", "id": "20190517T193237_86ea30a278da11e9bb8b6030d486a5f6", "type": "log", "host": "Namratas-MacBook-Air.local", "exception": "Traceback (most recent call last):\n  File \"/Users/namrata/venv1/lib/python3.7/site-packages/kwikapi/api.py\", line 531, in handle_request\n    raise e\n  File \"/Users/namrata/venv1/lib/python3.7/site-packages/kwikapi/api.py\", line 521, in handle_request\n    result = request.fn(**request.fn_params)\nTypeError: get_details() missing 1 required positional argument: 'kwargs'"}
{"level": "info", "event": "/Users/namrata/app/food_delivery/food/views.py changed, reloading.", "timestamp": "2019-05-17T19:33:32.973741Z", "id": "20190517T193332_a816256a78da11e9bb8b6030d486a5f6", "type": "log", "host": "Namratas-MacBook-Air.local"}
{"__requestid": "72a20", "namespace": "", "function": "update_order", "apiid": "", "message": {"message": "name 'LIST_FIELDS' is not defined", "code": 50000, "error": "[() NameError]", "success": false}, "__params": {"order_no": "3", "task": "cancelled"}, "level": "error", "event": "handle_request_error", "timestamp": "2019-05-17T19:34:11.741290Z", "id": "20190517T193411_bf31a07678da11e9a3a36030d486a5f6", "type": "log", "host": "Namratas-MacBook-Air.local", "exception": "Traceback (most recent call last):\n  File \"/Users/namrata/venv1/lib/python3.7/site-packages/kwikapi/api.py\", line 521, in handle_request\n    result = request.fn(**request.fn_params)\n  File \"/Users/namrata/app/food_delivery/food/views.py\", line 156, in update_order\n    list_keys = list(set([x.lower() for x in kwargs.keys()]).intersection(LIST_FIELDS))\nNameError: name 'LIST_FIELDS' is not defined"}
{"level": "info", "event": "/Users/namrata/app/food_delivery/food/views.py changed, reloading.", "timestamp": "2019-05-17T19:35:25.776322Z", "id": "20190517T193525_eb52740078da11e9a3a36030d486a5f6", "type": "log", "host": "Namratas-MacBook-Air.local"}
{"__requestid": "9a2da", "namespace": "", "function": "update_order", "apiid": "", "message": {"message": "name 'inavlid_fields' is not defined", "code": 50000, "error": "[() NameError]", "success": false}, "__params": {"order_no": "3", "task": "cancelled"}, "level": "error", "event": "handle_request_error", "timestamp": "2019-05-17T19:35:28.006801Z", "id": "20190517T193528_eca6ce3278da11e987216030d486a5f6", "type": "log", "host": "Namratas-MacBook-Air.local", "exception": "Traceback (most recent call last):\n  File \"/Users/namrata/venv1/lib/python3.7/site-packages/kwikapi/api.py\", line 521, in handle_request\n    result = request.fn(**request.fn_params)\n  File \"/Users/namrata/app/food_delivery/food/views.py\", line 154, in update_order\n    if inavlid_fields:\nNameError: name 'inavlid_fields' is not defined"}
{"level": "info", "event": "/Users/namrata/app/food_delivery/food/views.py changed, reloading.", "timestamp": "2019-05-17T19:35:51.791616Z", "id": "20190517T193551_fad411d678da11e987216030d486a5f6", "type": "log", "host": "Namratas-MacBook-Air.local"}
{"__requestid": "76452", "namespace": "", "function": "update_order", "apiid": "", "message": {"message": "name 'invalid_fields' is not defined", "code": 50000, "error": "[() NameError]", "success": false}, "__params": {"order_no": "3", "task": "cancelled"}, "level": "error", "event": "handle_request_error", "timestamp": "2019-05-17T19:35:54.357791Z", "id": "20190517T193554_fc5baa9678da11e9942a6030d486a5f6", "type": "log", "host": "Namratas-MacBook-Air.local", "exception": "Traceback (most recent call last):\n  File \"/Users/namrata/venv1/lib/python3.7/site-packages/kwikapi/api.py\", line 521, in handle_request\n    result = request.fn(**request.fn_params)\n  File \"/Users/namrata/app/food_delivery/food/views.py\", line 154, in update_order\n    if invalid_fields:\nNameError: name 'invalid_fields' is not defined"}
{"level": "info", "event": "/Users/namrata/app/food_delivery/food/views.py changed, reloading.", "timestamp": "2019-05-17T19:37:28.159186Z", "id": "20190517T193728_3444981e78db11e9942a6030d486a5f6", "type": "log", "host": "Namratas-MacBook-Air.local"}
{"level": "info", "event": "/Users/namrata/app/food_delivery/food/views.py changed, reloading.", "timestamp": "2019-05-17T19:37:33.373576Z", "id": "20190517T193733_3760441278db11e990286030d486a5f6", "type": "log", "host": "Namratas-MacBook-Air.local"}
{"__requestid": "94f79", "namespace": "", "function": "update_order", "apiid": "", "method": "GET", "compute_time": 0.03182482719421387, "serialize_time": 6.4849853515625e-05, "deserialize_time": 0.0, "__params": {"order_no": "3", "task": "cancelled"}, "protocol": "json", "type": "logged_metric", "num_req": 1, "level": "info", "event": "kwikapi.handle_request", "timestamp": "2019-05-17T19:37:36.054837Z", "id": "20190517T193736_38f9639e78db11e996096030d486a5f6", "host": "Namratas-MacBook-Air.local"}
{"__requestid": "3abf4", "namespace": "", "function": "delete_order", "apiid": "", "method": "GET", "compute_time": 0.0192108154296875, "serialize_time": 4.100799560546875e-05, "deserialize_time": 0.0, "__params": {"order_no": "3"}, "protocol": "json", "type": "logged_metric", "num_req": 1, "level": "info", "event": "kwikapi.handle_request", "timestamp": "2019-05-17T19:38:10.042396Z", "id": "20190517T193810_4d3b76ee78db11e996096030d486a5f6", "host": "Namratas-MacBook-Air.local"}
{"__requestid": "c63aa", "namespace": "", "function": "get_details", "apiid": "", "message": {"message": "get_details() missing 1 required positional argument: 'kwargs'", "code": 50000, "error": "[() TypeError]", "success": false}, "__params": {}, "level": "error", "event": "handle_request_error", "timestamp": "2019-05-17T19:45:42.704879Z", "id": "20190517T194542_5b0a483a78dc11e996096030d486a5f6", "type": "log", "host": "Namratas-MacBook-Air.local", "exception": "Traceback (most recent call last):\n  File \"/Users/namrata/venv1/lib/python3.7/site-packages/kwikapi/api.py\", line 531, in handle_request\n    raise e\n  File \"/Users/namrata/venv1/lib/python3.7/site-packages/kwikapi/api.py\", line 521, in handle_request\n    result = request.fn(**request.fn_params)\nTypeError: get_details() missing 1 required positional argument: 'kwargs'"}
{"level": "info", "event": "/Users/namrata/app/food_delivery/food/views.py changed, reloading.", "timestamp": "2019-05-17T19:49:02.763624Z", "id": "20190517T194902_d248d29078dc11e996096030d486a5f6", "type": "log", "host": "Namratas-MacBook-Air.local"}
{"__requestid": "39c2a", "namespace": "", "function": "get_details", "apiid": "", "message": {"message": "get_details() missing 1 required positional argument: 'kwargs'", "code": 50000, "error": "[() TypeError]", "success": false}, "__params": {}, "level": "error", "event": "handle_request_error", "timestamp": "2019-05-17T19:49:05.947671Z", "id": "20190517T194905_d42eafee78dc11e9aa226030d486a5f6", "type": "log", "host": "Namratas-MacBook-Air.local", "exception": "Traceback (most recent call last):\n  File \"/Users/namrata/venv1/lib/python3.7/site-packages/kwikapi/api.py\", line 531, in handle_request\n    raise e\n  File \"/Users/namrata/venv1/lib/python3.7/site-packages/kwikapi/api.py\", line 521, in handle_request\n    result = request.fn(**request.fn_params)\nTypeError: get_details() missing 1 required positional argument: 'kwargs'"}
{"__requestid": "deb5e", "namespace": "", "function": "get_details", "apiid": "", "message": {"message": "get_details() got an unexpected keyword argument 'order_no'", "code": 50010, "error": "[() KeywordArgumentError]", "success": false}, "__params": {"order_no": 1}, "level": "error", "event": "handle_request_error", "timestamp": "2019-05-17T19:49:16.321264Z", "id": "20190517T194916_da5d8db878dc11e9aa226030d486a5f6", "type": "log", "host": "Namratas-MacBook-Air.local", "exception": "Traceback (most recent call last):\n  File \"/Users/namrata/venv1/lib/python3.7/site-packages/kwikapi/api.py\", line 521, in handle_request\n    result = request.fn(**request.fn_params)\nTypeError: get_details() got an unexpected keyword argument 'order_no'\n\nDuring handling of the above exception, another exception occurred:\n\nTraceback (most recent call last):\n  File \"/Users/namrata/venv1/lib/python3.7/site-packages/kwikapi/api.py\", line 529, in handle_request\n    raise KeywordArgumentError(e.args[0])\nkwikapi.exception.KeywordArgumentError: get_details() got an unexpected keyword argument 'order_no'"}
{"level": "info", "event": "/Users/namrata/app/food_delivery/food/views.py changed, reloading.", "timestamp": "2019-05-17T19:53:49.481557Z", "id": "20190517T195349_7d2e811e78dd11e9aa226030d486a5f6", "type": "log", "host": "Namratas-MacBook-Air.local"}
{"__requestid": "88372", "namespace": "", "function": "get_details", "apiid": "", "message": {"message": "get_details() got an unexpected keyword argument 'order_no'", "code": 50010, "error": "[() KeywordArgumentError]", "success": false}, "__params": {"order_no": 1}, "level": "error", "event": "handle_request_error", "timestamp": "2019-05-17T19:53:54.411266Z", "id": "20190517T195354_801ebb8c78dd11e98e756030d486a5f6", "type": "log", "host": "Namratas-MacBook-Air.local", "exception": "Traceback (most recent call last):\n  File \"/Users/namrata/venv1/lib/python3.7/site-packages/kwikapi/api.py\", line 521, in handle_request\n    result = request.fn(**request.fn_params)\nTypeError: get_details() got an unexpected keyword argument 'order_no'\n\nDuring handling of the above exception, another exception occurred:\n\nTraceback (most recent call last):\n  File \"/Users/namrata/venv1/lib/python3.7/site-packages/kwikapi/api.py\", line 529, in handle_request\n    raise KeywordArgumentError(e.args[0])\nkwikapi.exception.KeywordArgumentError: get_details() got an unexpected keyword argument 'order_no'"}
{"level": "info", "event": "/Users/namrata/app/food_delivery/food/views.py changed, reloading.", "timestamp": "2019-05-17T19:54:59.058360Z", "id": "20190517T195459_a6a7154278dd11e98e756030d486a5f6", "type": "log", "host": "Namratas-MacBook-Air.local"}
{"__requestid": "62a80", "namespace": "", "function": "get_details", "apiid": "", "message": {"message": "get_details() got an unexpected keyword argument 'order_no'", "code": 50010, "error": "[() KeywordArgumentError]", "success": false}, "__params": {"order_no": 1}, "level": "error", "event": "handle_request_error", "timestamp": "2019-05-17T19:55:01.751146Z", "id": "20190517T195501_a841fe2678dd11e9a8356030d486a5f6", "type": "log", "host": "Namratas-MacBook-Air.local", "exception": "Traceback (most recent call last):\n  File \"/Users/namrata/venv1/lib/python3.7/site-packages/kwikapi/api.py\", line 521, in handle_request\n    result = request.fn(**request.fn_params)\nTypeError: get_details() got an unexpected keyword argument 'order_no'\n\nDuring handling of the above exception, another exception occurred:\n\nTraceback (most recent call last):\n  File \"/Users/namrata/venv1/lib/python3.7/site-packages/kwikapi/api.py\", line 529, in handle_request\n    raise KeywordArgumentError(e.args[0])\nkwikapi.exception.KeywordArgumentError: get_details() got an unexpected keyword argument 'order_no'"}
{"level": "info", "event": "/Users/namrata/app/food_delivery/food/views.py changed, reloading.", "timestamp": "2019-05-17T19:55:49.991279Z", "id": "20190517T195549_c502d44078dd11e9a8356030d486a5f6", "type": "log", "host": "Namratas-MacBook-Air.local"}
{"__requestid": "0e8c7", "namespace": "", "function": "get_details", "apiid": "", "message": {"message": "get_details() got an unexpected keyword argument 'order_no'", "code": 50010, "error": "[() KeywordArgumentError]", "success": false}, "__params": {"order_no": 1}, "level": "error", "event": "handle_request_error", "timestamp": "2019-05-17T19:55:58.693638Z", "id": "20190517T195558_ca32b83678dd11e983dc6030d486a5f6", "type": "log", "host": "Namratas-MacBook-Air.local", "exception": "Traceback (most recent call last):\n  File \"/Users/namrata/venv1/lib/python3.7/site-packages/kwikapi/api.py\", line 521, in handle_request\n    result = request.fn(**request.fn_params)\nTypeError: get_details() got an unexpected keyword argument 'order_no'\n\nDuring handling of the above exception, another exception occurred:\n\nTraceback (most recent call last):\n  File \"/Users/namrata/venv1/lib/python3.7/site-packages/kwikapi/api.py\", line 529, in handle_request\n    raise KeywordArgumentError(e.args[0])\nkwikapi.exception.KeywordArgumentError: get_details() got an unexpected keyword argument 'order_no'"}
{"level": "info", "event": "/Users/namrata/app/food_delivery/food/views.py changed, reloading.", "timestamp": "2019-05-17T19:56:48.814637Z", "id": "20190517T195648_e812907e78dd11e983dc6030d486a5f6", "type": "log", "host": "Namratas-MacBook-Air.local"}
{"level": "info", "event": "/Users/namrata/app/food_delivery/food/views.py changed, reloading.", "timestamp": "2019-05-17T19:56:56.415700Z", "id": "20190517T195656_ec9a6ab878dd11e9bab96030d486a5f6", "type": "log", "host": "Namratas-MacBook-Air.local"}
{"__requestid": "9855b", "namespace": "", "function": "get_details", "apiid": "", "message": {"message": "name 'food' is not defined", "code": 50000, "error": "[() NameError]", "success": false}, "__params": {"order_no": 1}, "level": "error", "event": "handle_request_error", "timestamp": "2019-05-17T19:56:58.385921Z", "id": "20190517T195658_edc70b0878dd11e9aabd6030d486a5f6", "type": "log", "host": "Namratas-MacBook-Air.local", "exception": "Traceback (most recent call last):\n  File \"/Users/namrata/venv1/lib/python3.7/site-packages/kwikapi/api.py\", line 521, in handle_request\n    result = request.fn(**request.fn_params)\n  File \"/Users/namrata/app/food_delivery/food/views.py\", line 44, in get_details\n    collection_fields = [f.name for f in food._meta.fields]\nNameError: name 'food' is not defined"}
{"level": "info", "event": "/Users/namrata/app/food_delivery/food/views.py changed, reloading.", "timestamp": "2019-05-17T19:57:59.361051Z", "id": "20190517T195759_121f175c78de11e9aabd6030d486a5f6", "type": "log", "host": "Namratas-MacBook-Air.local"}
{"__requestid": "5ffec", "namespace": "", "function": "get_details", "apiid": "", "message": {"message": "Cannot resolve keyword 'kwargs' into field. Choices are: dt_created, dt_updated, order_no, priority, status, task, title", "code": 50000, "error": "[() FieldError]", "success": false}, "__params": {"order_no": 1}, "level": "error", "event": "handle_request_error", "timestamp": "2019-05-17T19:58:03.380416Z", "id": "20190517T195803_14846e4878de11e981a06030d486a5f6", "type": "log", "host": "Namratas-MacBook-Air.local", "exception": "Traceback (most recent call last):\n  File \"/Users/namrata/venv1/lib/python3.7/site-packages/kwikapi/api.py\", line 521, in handle_request\n    result = request.fn(**request.fn_params)\n  File \"/Users/namrata/app/food_delivery/food/views.py\", line 51, in get_details\n    food_obj = Food.objects.filter(kwargs=kwargs)\n  File \"/Users/namrata/venv1/lib/python3.7/site-packages/django/db/models/manager.py\", line 82, in manager_method\n    return getattr(self.get_queryset(), name)(*args, **kwargs)\n  File \"/Users/namrata/venv1/lib/python3.7/site-packages/django/db/models/query.py\", line 892, in filter\n    return self._filter_or_exclude(False, *args, **kwargs)\n  File \"/Users/namrata/venv1/lib/python3.7/site-packages/django/db/models/query.py\", line 910, in _filter_or_exclude\n    clone.query.add_q(Q(*args, **kwargs))\n  File \"/Users/namrata/venv1/lib/python3.7/site-packages/django/db/models/sql/query.py\", line 1290, in add_q\n    clause, _ = self._add_q(q_object, self.used_aliases)\n  File \"/Users/namrata/venv1/lib/python3.7/site-packages/django/db/models/sql/query.py\", line 1318, in _add_q\n    split_subq=split_subq, simple_col=simple_col,\n  File \"/Users/namrata/venv1/lib/python3.7/site-packages/django/db/models/sql/query.py\", line 1190, in build_filter\n    lookups, parts, reffed_expression = self.solve_lookup_type(arg)\n  File \"/Users/namrata/venv1/lib/python3.7/site-packages/django/db/models/sql/query.py\", line 1049, in solve_lookup_type\n    _, field, _, lookup_parts = self.names_to_path(lookup_splitted, self.get_meta())\n  File \"/Users/namrata/venv1/lib/python3.7/site-packages/django/db/models/sql/query.py\", line 1420, in names_to_path\n    \"Choices are: %s\" % (name, \", \".join(available)))\ndjango.core.exceptions.FieldError: Cannot resolve keyword 'kwargs' into field. Choices are: dt_created, dt_updated, order_no, priority, status, task, title"}
{"__requestid": "22543", "namespace": "", "function": "get_details", "apiid": "", "message": {"message": "name 'foof' is not defined", "code": 50000, "error": "[() NameError]", "success": false}, "__params": {}, "level": "error", "event": "handle_request_error", "timestamp": "2019-05-17T19:58:18.726561Z", "id": "20190517T195818_1daa08ca78de11e981a06030d486a5f6", "type": "log", "host": "Namratas-MacBook-Air.local", "exception": "Traceback (most recent call last):\n  File \"/Users/namrata/venv1/lib/python3.7/site-packages/kwikapi/api.py\", line 521, in handle_request\n    result = request.fn(**request.fn_params)\n  File \"/Users/namrata/app/food_delivery/food/views.py\", line 41, in get_details\n    food_obj = self._get_response(Food.objects.all())\n  File \"/Users/namrata/app/food_delivery/food/views.py\", line 66, in _get_response\n    \"priority\" : foof.priority,\nNameError: name 'foof' is not defined"}
{"level": "info", "event": "/Users/namrata/app/food_delivery/food/views.py changed, reloading.", "timestamp": "2019-05-17T19:58:39.663956Z", "id": "20190517T195839_2a24d42278de11e981a06030d486a5f6", "type": "log", "host": "Namratas-MacBook-Air.local"}
{"__requestid": "e20f6", "namespace": "", "function": "get_details", "apiid": "", "message": {"message": "Object of type datetime is not JSON serializable", "code": 50000, "error": "[() TypeError]", "success": false}, "__params": {}, "level": "error", "event": "handle_request_error", "timestamp": "2019-05-17T19:58:42.299794Z", "id": "20190517T195842_2bb7081e78de11e98a8f6030d486a5f6", "type": "log", "host": "Namratas-MacBook-Air.local", "exception": "Traceback (most recent call last):\n  File \"/Users/namrata/venv1/lib/python3.7/site-packages/kwikapi/api.py\", line 543, in handle_request\n    n, t = response.write(result, protocol)\n  File \"/Users/namrata/venv1/lib/python3.7/site-packages/kwikapi/django/kwikapi_django.py\", line 82, in write\n    n, t = super().write(data, proto, stream=stream)\n  File \"/Users/namrata/venv1/lib/python3.7/site-packages/kwikapi/api.py\", line 98, in write\n    self._data = protocol.serialize(data)\n  File \"/Users/namrata/venv1/lib/python3.7/site-packages/kwikapi/protocols.py\", line 59, in serialize\n    data = json.dumps(data)\n  File \"/usr/local/Cellar/python/3.7.3/Frameworks/Python.framework/Versions/3.7/lib/python3.7/json/__init__.py\", line 231, in dumps\n    return _default_encoder.encode(obj)\n  File \"/usr/local/Cellar/python/3.7.3/Frameworks/Python.framework/Versions/3.7/lib/python3.7/json/encoder.py\", line 199, in encode\n    chunks = self.iterencode(o, _one_shot=True)\n  File \"/usr/local/Cellar/python/3.7.3/Frameworks/Python.framework/Versions/3.7/lib/python3.7/json/encoder.py\", line 257, in iterencode\n    return _iterencode(o, 0)\n  File \"/usr/local/Cellar/python/3.7.3/Frameworks/Python.framework/Versions/3.7/lib/python3.7/json/encoder.py\", line 179, in default\n    raise TypeError(f'Object of type {o.__class__.__name__} '\nTypeError: Object of type datetime is not JSON serializable"}
{"level": "info", "event": "/Users/namrata/app/food_delivery/food/views.py changed, reloading.", "timestamp": "2019-05-17T19:58:55.844047Z", "id": "20190517T195855_33c9b60078de11e98a8f6030d486a5f6", "type": "log", "host": "Namratas-MacBook-Air.local"}
{"__requestid": "418a6", "namespace": "", "function": "get_details", "apiid": "", "message": {"message": "Object of type datetime is not JSON serializable", "code": 50000, "error": "[() TypeError]", "success": false}, "__params": {}, "level": "error", "event": "handle_request_error", "timestamp": "2019-05-17T19:58:57.456362Z", "id": "20190517T195857_34bfcaae78de11e9b25f6030d486a5f6", "type": "log", "host": "Namratas-MacBook-Air.local", "exception": "Traceback (most recent call last):\n  File \"/Users/namrata/venv1/lib/python3.7/site-packages/kwikapi/api.py\", line 543, in handle_request\n    n, t = response.write(result, protocol)\n  File \"/Users/namrata/venv1/lib/python3.7/site-packages/kwikapi/django/kwikapi_django.py\", line 82, in write\n    n, t = super().write(data, proto, stream=stream)\n  File \"/Users/namrata/venv1/lib/python3.7/site-packages/kwikapi/api.py\", line 98, in write\n    self._data = protocol.serialize(data)\n  File \"/Users/namrata/venv1/lib/python3.7/site-packages/kwikapi/protocols.py\", line 59, in serialize\n    data = json.dumps(data)\n  File \"/usr/local/Cellar/python/3.7.3/Frameworks/Python.framework/Versions/3.7/lib/python3.7/json/__init__.py\", line 231, in dumps\n    return _default_encoder.encode(obj)\n  File \"/usr/local/Cellar/python/3.7.3/Frameworks/Python.framework/Versions/3.7/lib/python3.7/json/encoder.py\", line 199, in encode\n    chunks = self.iterencode(o, _one_shot=True)\n  File \"/usr/local/Cellar/python/3.7.3/Frameworks/Python.framework/Versions/3.7/lib/python3.7/json/encoder.py\", line 257, in iterencode\n    return _iterencode(o, 0)\n  File \"/usr/local/Cellar/python/3.7.3/Frameworks/Python.framework/Versions/3.7/lib/python3.7/json/encoder.py\", line 179, in default\n    raise TypeError(f'Object of type {o.__class__.__name__} '\nTypeError: Object of type datetime is not JSON serializable"}
{"level": "info", "event": "/Users/namrata/app/food_delivery/food/views.py changed, reloading.", "timestamp": "2019-05-17T19:59:02.381569Z", "id": "20190517T195902_37af434878de11e9b25f6030d486a5f6", "type": "log", "host": "Namratas-MacBook-Air.local"}
{"__requestid": "ad176", "namespace": "", "function": "get_details", "apiid": "", "method": "GET", "compute_time": 0.004845142364501953, "serialize_time": 5.1975250244140625e-05, "deserialize_time": 0.0, "__params": {}, "protocol": "json", "type": "logged_metric", "num_req": 1, "level": "info", "event": "kwikapi.handle_request", "timestamp": "2019-05-17T19:59:03.294663Z", "id": "20190517T195903_383a9baa78de11e98f166030d486a5f6", "host": "Namratas-MacBook-Air.local"}
{"__requestid": "8b83e", "namespace": "", "function": "get_details", "apiid": "", "message": {"message": "Cannot resolve keyword 'kwargs' into field. Choices are: dt_created, dt_updated, order_no, priority, status, task, title", "code": 50000, "error": "[() FieldError]", "success": false}, "__params": {"order_no": 1}, "level": "error", "event": "handle_request_error", "timestamp": "2019-05-17T19:59:16.481764Z", "id": "20190517T195916_4016c83078de11e98f166030d486a5f6", "type": "log", "host": "Namratas-MacBook-Air.local", "exception": "Traceback (most recent call last):\n  File \"/Users/namrata/venv1/lib/python3.7/site-packages/kwikapi/api.py\", line 521, in handle_request\n    result = request.fn(**request.fn_params)\n  File \"/Users/namrata/app/food_delivery/food/views.py\", line 51, in get_details\n    food_obj = Food.objects.filter(kwargs=kwargs)\n  File \"/Users/namrata/venv1/lib/python3.7/site-packages/django/db/models/manager.py\", line 82, in manager_method\n    return getattr(self.get_queryset(), name)(*args, **kwargs)\n  File \"/Users/namrata/venv1/lib/python3.7/site-packages/django/db/models/query.py\", line 892, in filter\n    return self._filter_or_exclude(False, *args, **kwargs)\n  File \"/Users/namrata/venv1/lib/python3.7/site-packages/django/db/models/query.py\", line 910, in _filter_or_exclude\n    clone.query.add_q(Q(*args, **kwargs))\n  File \"/Users/namrata/venv1/lib/python3.7/site-packages/django/db/models/sql/query.py\", line 1290, in add_q\n    clause, _ = self._add_q(q_object, self.used_aliases)\n  File \"/Users/namrata/venv1/lib/python3.7/site-packages/django/db/models/sql/query.py\", line 1318, in _add_q\n    split_subq=split_subq, simple_col=simple_col,\n  File \"/Users/namrata/venv1/lib/python3.7/site-packages/django/db/models/sql/query.py\", line 1190, in build_filter\n    lookups, parts, reffed_expression = self.solve_lookup_type(arg)\n  File \"/Users/namrata/venv1/lib/python3.7/site-packages/django/db/models/sql/query.py\", line 1049, in solve_lookup_type\n    _, field, _, lookup_parts = self.names_to_path(lookup_splitted, self.get_meta())\n  File \"/Users/namrata/venv1/lib/python3.7/site-packages/django/db/models/sql/query.py\", line 1420, in names_to_path\n    \"Choices are: %s\" % (name, \", \".join(available)))\ndjango.core.exceptions.FieldError: Cannot resolve keyword 'kwargs' into field. Choices are: dt_created, dt_updated, order_no, priority, status, task, title"}
{"level": "info", "event": "/Users/namrata/app/food_delivery/food/views.py changed, reloading.", "timestamp": "2019-05-17T20:01:13.157646Z", "id": "20190517T200113_85a21b4878de11e98f166030d486a5f6", "type": "log", "host": "Namratas-MacBook-Air.local"}
{"__requestid": "7cf13", "namespace": "", "function": "get_details", "apiid": "", "message": {"message": "Cannot resolve keyword 'kwargs' into field. Choices are: dt_created, dt_updated, order_no, priority, status, task, title", "code": 50000, "error": "[() FieldError]", "success": false}, "__params": {"order_no": 1}, "level": "error", "event": "handle_request_error", "timestamp": "2019-05-17T20:01:15.089561Z", "id": "20190517T200115_86c8e9c078de11e9bb7d6030d486a5f6", "type": "log", "host": "Namratas-MacBook-Air.local", "exception": "Traceback (most recent call last):\n  File \"/Users/namrata/venv1/lib/python3.7/site-packages/kwikapi/api.py\", line 521, in handle_request\n    result = request.fn(**request.fn_params)\n  File \"/Users/namrata/app/food_delivery/food/views.py\", line 51, in get_details\n    food_obj = self._get_response(Food.objects.filter(kwargs=kwargs))\n  File \"/Users/namrata/venv1/lib/python3.7/site-packages/django/db/models/manager.py\", line 82, in manager_method\n    return getattr(self.get_queryset(), name)(*args, **kwargs)\n  File \"/Users/namrata/venv1/lib/python3.7/site-packages/django/db/models/query.py\", line 892, in filter\n    return self._filter_or_exclude(False, *args, **kwargs)\n  File \"/Users/namrata/venv1/lib/python3.7/site-packages/django/db/models/query.py\", line 910, in _filter_or_exclude\n    clone.query.add_q(Q(*args, **kwargs))\n  File \"/Users/namrata/venv1/lib/python3.7/site-packages/django/db/models/sql/query.py\", line 1290, in add_q\n    clause, _ = self._add_q(q_object, self.used_aliases)\n  File \"/Users/namrata/venv1/lib/python3.7/site-packages/django/db/models/sql/query.py\", line 1318, in _add_q\n    split_subq=split_subq, simple_col=simple_col,\n  File \"/Users/namrata/venv1/lib/python3.7/site-packages/django/db/models/sql/query.py\", line 1190, in build_filter\n    lookups, parts, reffed_expression = self.solve_lookup_type(arg)\n  File \"/Users/namrata/venv1/lib/python3.7/site-packages/django/db/models/sql/query.py\", line 1049, in solve_lookup_type\n    _, field, _, lookup_parts = self.names_to_path(lookup_splitted, self.get_meta())\n  File \"/Users/namrata/venv1/lib/python3.7/site-packages/django/db/models/sql/query.py\", line 1420, in names_to_path\n    \"Choices are: %s\" % (name, \", \".join(available)))\ndjango.core.exceptions.FieldError: Cannot resolve keyword 'kwargs' into field. Choices are: dt_created, dt_updated, order_no, priority, status, task, title"}
{"level": "info", "event": "/Users/namrata/app/food_delivery/food/views.py changed, reloading.", "timestamp": "2019-05-17T20:02:20.394705Z", "id": "20190517T200220_adb5aa1478de11e9bb7d6030d486a5f6", "type": "log", "host": "Namratas-MacBook-Air.local"}
{"__requestid": "89fc1", "namespace": "", "function": "get_details", "apiid": "", "method": "GET", "compute_time": 0.00431513786315918, "serialize_time": 4.6253204345703125e-05, "deserialize_time": 0.0, "__params": {"order_no": 1}, "protocol": "json", "type": "logged_metric", "num_req": 1, "level": "info", "event": "kwikapi.handle_request", "timestamp": "2019-05-17T20:02:22.095382Z", "id": "20190517T200222_aeb92dc878de11e98c966030d486a5f6", "host": "Namratas-MacBook-Air.local"}
{"level": "info", "event": "/Users/namrata/app/food_delivery/food/views.py changed, reloading.", "timestamp": "2019-05-17T20:02:43.044090Z", "id": "20190517T200243_bb35b06278de11e98c966030d486a5f6", "type": "log", "host": "Namratas-MacBook-Air.local"}
{"__requestid": "ad51a", "namespace": "", "function": "get_details", "apiid": "", "message": {"message": "Object of type datetime is not JSON serializable", "code": 50000, "error": "[() TypeError]", "success": false}, "__params": {"order_no": 1}, "level": "error", "event": "handle_request_error", "timestamp": "2019-05-17T20:02:48.099831Z", "id": "20190517T200248_be39244278de11e997716030d486a5f6", "type": "log", "host": "Namratas-MacBook-Air.local", "exception": "Traceback (most recent call last):\n  File \"/Users/namrata/venv1/lib/python3.7/site-packages/kwikapi/api.py\", line 543, in handle_request\n    n, t = response.write(result, protocol)\n  File \"/Users/namrata/venv1/lib/python3.7/site-packages/kwikapi/django/kwikapi_django.py\", line 82, in write\n    n, t = super().write(data, proto, stream=stream)\n  File \"/Users/namrata/venv1/lib/python3.7/site-packages/kwikapi/api.py\", line 98, in write\n    self._data = protocol.serialize(data)\n  File \"/Users/namrata/venv1/lib/python3.7/site-packages/kwikapi/protocols.py\", line 59, in serialize\n    data = json.dumps(data)\n  File \"/usr/local/Cellar/python/3.7.3/Frameworks/Python.framework/Versions/3.7/lib/python3.7/json/__init__.py\", line 231, in dumps\n    return _default_encoder.encode(obj)\n  File \"/usr/local/Cellar/python/3.7.3/Frameworks/Python.framework/Versions/3.7/lib/python3.7/json/encoder.py\", line 199, in encode\n    chunks = self.iterencode(o, _one_shot=True)\n  File \"/usr/local/Cellar/python/3.7.3/Frameworks/Python.framework/Versions/3.7/lib/python3.7/json/encoder.py\", line 257, in iterencode\n    return _iterencode(o, 0)\n  File \"/usr/local/Cellar/python/3.7.3/Frameworks/Python.framework/Versions/3.7/lib/python3.7/json/encoder.py\", line 179, in default\n    raise TypeError(f'Object of type {o.__class__.__name__} '\nTypeError: Object of type datetime is not JSON serializable"}
{"level": "info", "event": "/Users/namrata/app/food_delivery/food/views.py changed, reloading.", "timestamp": "2019-05-17T20:07:31.965158Z", "id": "20190517T200731_676b8bea78df11e997716030d486a5f6", "type": "log", "host": "Namratas-MacBook-Air.local"}
{"__requestid": "902f0", "namespace": "", "function": "get_details", "apiid": "", "message": {"message": "Object of type datetime is not JSON serializable", "code": 50000, "error": "[() TypeError]", "success": false}, "__params": {"order_no": 1}, "level": "error", "event": "handle_request_error", "timestamp": "2019-05-17T20:07:36.021922Z", "id": "20190517T200736_69d6910e78df11e99e506030d486a5f6", "type": "log", "host": "Namratas-MacBook-Air.local", "exception": "Traceback (most recent call last):\n  File \"/Users/namrata/venv1/lib/python3.7/site-packages/kwikapi/api.py\", line 531, in handle_request\n    raise e\n  File \"/Users/namrata/venv1/lib/python3.7/site-packages/kwikapi/api.py\", line 521, in handle_request\n    result = request.fn(**request.fn_params)\n  File \"/Users/namrata/app/food_delivery/food/views.py\", line 51, in get_details\n    food_obj = self._get_response(Food.objects.filter(**kwargs))\n  File \"/Users/namrata/app/food_delivery/food/views.py\", line 63, in _get_response\n    \"dt_created\": json.dumps(food.dt_created),\n  File \"/usr/local/Cellar/python/3.7.3/Frameworks/Python.framework/Versions/3.7/lib/python3.7/json/__init__.py\", line 231, in dumps\n    return _default_encoder.encode(obj)\n  File \"/usr/local/Cellar/python/3.7.3/Frameworks/Python.framework/Versions/3.7/lib/python3.7/json/encoder.py\", line 199, in encode\n    chunks = self.iterencode(o, _one_shot=True)\n  File \"/usr/local/Cellar/python/3.7.3/Frameworks/Python.framework/Versions/3.7/lib/python3.7/json/encoder.py\", line 257, in iterencode\n    return _iterencode(o, 0)\n  File \"/usr/local/Cellar/python/3.7.3/Frameworks/Python.framework/Versions/3.7/lib/python3.7/json/encoder.py\", line 179, in default\n    raise TypeError(f'Object of type {o.__class__.__name__} '\nTypeError: Object of type datetime is not JSON serializable"}
{"level": "info", "event": "/Users/namrata/app/food_delivery/food/views.py changed, reloading.", "timestamp": "2019-05-17T20:08:07.277211Z", "id": "20190517T200807_7c77bc7a78df11e99e506030d486a5f6", "type": "log", "host": "Namratas-MacBook-Air.local"}
{"__requestid": "3e8b0", "namespace": "", "function": "get_details", "apiid": "", "message": {"message": "the JSON object must be str, bytes or bytearray, not datetime", "code": 50000, "error": "[() TypeError]", "success": false}, "__params": {"order_no": 1}, "level": "error", "event": "handle_request_error", "timestamp": "2019-05-17T20:08:09.432846Z", "id": "20190517T200809_7dc0ac8678df11e9be056030d486a5f6", "type": "log", "host": "Namratas-MacBook-Air.local", "exception": "Traceback (most recent call last):\n  File \"/Users/namrata/venv1/lib/python3.7/site-packages/kwikapi/api.py\", line 531, in handle_request\n    raise e\n  File \"/Users/namrata/venv1/lib/python3.7/site-packages/kwikapi/api.py\", line 521, in handle_request\n    result = request.fn(**request.fn_params)\n  File \"/Users/namrata/app/food_delivery/food/views.py\", line 51, in get_details\n    food_obj = self._get_response(Food.objects.filter(**kwargs))\n  File \"/Users/namrata/app/food_delivery/food/views.py\", line 63, in _get_response\n    \"dt_created\": json.loads(food.dt_created),\n  File \"/usr/local/Cellar/python/3.7.3/Frameworks/Python.framework/Versions/3.7/lib/python3.7/json/__init__.py\", line 341, in loads\n    raise TypeError(f'the JSON object must be str, bytes or bytearray, '\nTypeError: the JSON object must be str, bytes or bytearray, not datetime"}
{"level": "info", "event": "/Users/namrata/app/food_delivery/food/views.py changed, reloading.", "timestamp": "2019-05-17T20:08:59.573826Z", "id": "20190517T200859_9ba390b078df11e9be056030d486a5f6", "type": "log", "host": "Namratas-MacBook-Air.local"}
{"level": "info", "event": "/Users/namrata/app/food_delivery/food/views.py changed, reloading.", "timestamp": "2019-05-17T20:10:18.879571Z", "id": "20190517T201018_cae8af6878df11e9afc96030d486a5f6", "type": "log", "host": "Namratas-MacBook-Air.local"}
{"__requestid": "4edc5", "namespace": "", "function": "get_details", "apiid": "", "message": {"message": "'datetime.datetime' object has no attribute 'datetime'", "code": 50000, "error": "[() AttributeError]", "success": false}, "__params": {"order_no": 1}, "level": "error", "event": "handle_request_error", "timestamp": "2019-05-17T20:10:21.697056Z", "id": "20190517T201021_cc9695be78df11e9b37c6030d486a5f6", "type": "log", "host": "Namratas-MacBook-Air.local", "exception": "Traceback (most recent call last):\n  File \"/Users/namrata/venv1/lib/python3.7/site-packages/kwikapi/api.py\", line 521, in handle_request\n    result = request.fn(**request.fn_params)\n  File \"/Users/namrata/app/food_delivery/food/views.py\", line 51, in get_details\n    food_obj = self._get_response(Food.objects.filter(**kwargs))\n  File \"/Users/namrata/app/food_delivery/food/views.py\", line 63, in _get_response\n    \"dt_created\": json.dumps(food.dt_created.datetime),\nAttributeError: 'datetime.datetime' object has no attribute 'datetime'"}
{"level": "info", "event": "/Users/namrata/app/food_delivery/food/views.py changed, reloading.", "timestamp": "2019-05-17T20:13:00.007237Z", "id": "20190517T201300_2af2caa678e011e9b37c6030d486a5f6", "type": "log", "host": "Namratas-MacBook-Air.local"}
{"__requestid": "bbd23", "namespace": "", "function": "get_details", "apiid": "", "method": "GET", "compute_time": 0.005603790283203125, "serialize_time": 5.507469177246094e-05, "deserialize_time": 0.0, "__params": {"order_no": 1}, "protocol": "json", "type": "logged_metric", "num_req": 1, "level": "info", "event": "kwikapi.handle_request", "timestamp": "2019-05-17T20:14:32.059999Z", "id": "20190517T201432_61d0f37278e011e980026030d486a5f6", "host": "Namratas-MacBook-Air.local"}
{"__requestid": "0d169", "namespace": "", "function": "get_details", "apiid": "", "method": "GET", "compute_time": 0.0051801204681396484, "serialize_time": 3.1948089599609375e-05, "deserialize_time": 0.0, "__params": {"order_no": 2}, "protocol": "json", "type": "logged_metric", "num_req": 1, "level": "info", "event": "kwikapi.handle_request", "timestamp": "2019-05-17T20:14:34.923325Z", "id": "20190517T201434_6385d67478e011e980026030d486a5f6", "host": "Namratas-MacBook-Air.local"}
{"__requestid": "06c6a", "namespace": "", "function": "get_details", "apiid": "", "method": "GET", "compute_time": 0.0036551952362060547, "serialize_time": 4.7206878662109375e-05, "deserialize_time": 0.0, "__params": {"task": "new"}, "protocol": "json", "type": "logged_metric", "num_req": 1, "level": "info", "event": "kwikapi.handle_request", "timestamp": "2019-05-17T20:14:45.020287Z", "id": "20190517T201445_698a834e78e011e980026030d486a5f6", "host": "Namratas-MacBook-Air.local"}
{"__requestid": "b7167", "namespace": "", "function": "add_order", "apiid": "", "method": "GET", "compute_time": 0.022444963455200195, "serialize_time": 4.506111145019531e-05, "deserialize_time": 0.0, "__params": {"order_no": "1a", "title": "noodles", "status": "free", "priority": "medium", "task": "declined"}, "protocol": "json", "type": "logged_metric", "num_req": 1, "level": "info", "event": "kwikapi.handle_request", "timestamp": "2019-05-17T20:14:54.506403Z", "id": "20190517T201454_6f31fa0c78e011e980026030d486a5f6", "host": "Namratas-MacBook-Air.local"}
{"__requestid": "6129f", "namespace": "", "function": "get_details", "apiid": "", "method": "GET", "compute_time": 0.001332998275756836, "serialize_time": 3.0994415283203125e-05, "deserialize_time": 0.0, "__params": {"task": "new"}, "protocol": "json", "type": "logged_metric", "num_req": 1, "level": "info", "event": "kwikapi.handle_request", "timestamp": "2019-05-17T20:15:01.069164Z", "id": "20190517T201501_731b5fa078e011e980026030d486a5f6", "host": "Namratas-MacBook-Air.local"}
{"__requestid": "6ef57", "namespace": "", "function": "get_details", "apiid": "", "method": "GET", "compute_time": 0.006528139114379883, "serialize_time": 4.363059997558594e-05, "deserialize_time": 0.0, "__params": {"task": "cancelled"}, "protocol": "json", "type": "logged_metric", "num_req": 1, "level": "info", "event": "kwikapi.handle_request", "timestamp": "2019-05-17T20:15:06.672983Z", "id": "20190517T201506_7672733c78e011e980026030d486a5f6", "host": "Namratas-MacBook-Air.local"}
{"__requestid": "a4b62", "namespace": "", "function": "get_details", "apiid": "", "method": "GET", "compute_time": 0.006484031677246094, "serialize_time": 3.5762786865234375e-05, "deserialize_time": 0.0, "__params": {"task": "declined"}, "protocol": "json", "type": "logged_metric", "num_req": 1, "level": "info", "event": "kwikapi.handle_request", "timestamp": "2019-05-17T20:15:15.293696Z", "id": "20190517T201515_7b95dda478e011e980026030d486a5f6", "host": "Namratas-MacBook-Air.local"}
{"level": "info", "event": "/Users/namrata/app/food_delivery/food/views.py changed, reloading.", "timestamp": "2019-05-17T20:18:51.327623Z", "id": "20190517T201851_fc5a07ee78e011e980026030d486a5f6", "type": "log", "host": "Namratas-MacBook-Air.local"}
{"level": "info", "event": "/Users/namrata/app/food_delivery/food/views.py changed, reloading.", "timestamp": "2019-05-17T20:18:54.753746Z", "id": "20190517T201854_fe64d35278e011e9b86a6030d486a5f6", "type": "log", "host": "Namratas-MacBook-Air.local"}
{"level": "info", "event": "/Users/namrata/app/food_delivery/food/views.py changed, reloading.", "timestamp": "2019-05-17T20:22:02.192496Z", "id": "20190517T202202_6e1db52e78e111e9963b6030d486a5f6", "type": "log", "host": "Namratas-MacBook-Air.local"}
{"level": "info", "event": "/Users/namrata/app/food_delivery/food/views.py changed, reloading.", "timestamp": "2019-05-17T20:22:07.410384Z", "id": "20190517T202207_7139e8c278e111e9bcc16030d486a5f6", "type": "log", "host": "Namratas-MacBook-Air.local"}
{"__requestid": "97a69", "namespace": "", "function": "update_order", "apiid": "", "message": {"message": "update_order() missing 1 required positional argument: 'order_no'", "code": 50000, "error": "[() TypeError]", "success": false}, "__params": {"title": "noodels", "status": "no"}, "level": "error", "event": "handle_request_error", "timestamp": "2019-05-18T06:45:38.294701Z", "id": "20190518T064538_8bda3f72793811e9b9236030d486a5f6", "type": "log", "host": "Namratas-MacBook-Air.local", "exception": "Traceback (most recent call last):\n  File \"/Users/namrata/venv1/lib/python3.7/site-packages/kwikapi/api.py\", line 531, in handle_request\n    raise e\n  File \"/Users/namrata/venv1/lib/python3.7/site-packages/kwikapi/api.py\", line 521, in handle_request\n    result = request.fn(**request.fn_params)\nTypeError: update_order() missing 1 required positional argument: 'order_no'"}
{"__requestid": "fc9e4", "namespace": "", "function": "update_order", "apiid": "", "message": {"message": "update_order() missing 1 required positional argument: 'order_no'", "code": 50000, "error": "[() TypeError]", "success": false}, "__params": {"oder_no": 1, "title": "noodels", "status": "no"}, "level": "error", "event": "handle_request_error", "timestamp": "2019-05-18T06:46:12.344981Z", "id": "20190518T064612_a02577f8793811e9b9236030d486a5f6", "type": "log", "host": "Namratas-MacBook-Air.local", "exception": "Traceback (most recent call last):\n  File \"/Users/namrata/venv1/lib/python3.7/site-packages/kwikapi/api.py\", line 531, in handle_request\n    raise e\n  File \"/Users/namrata/venv1/lib/python3.7/site-packages/kwikapi/api.py\", line 521, in handle_request\n    result = request.fn(**request.fn_params)\nTypeError: update_order() missing 1 required positional argument: 'order_no'"}
{"__requestid": "bf282", "namespace": "", "function": "update_order", "apiid": "", "message": {"message": "update_order() missing 1 required positional argument: 'order_no'", "code": 50000, "error": "[() TypeError]", "success": false}, "__params": {"oder_no": 1, "title": "noodels"}, "level": "error", "event": "handle_request_error", "timestamp": "2019-05-18T06:51:35.242383Z", "id": "20190518T065135_609bb5c4793911e9b9236030d486a5f6", "type": "log", "host": "Namratas-MacBook-Air.local", "exception": "Traceback (most recent call last):\n  File \"/Users/namrata/venv1/lib/python3.7/site-packages/kwikapi/api.py\", line 531, in handle_request\n    raise e\n  File \"/Users/namrata/venv1/lib/python3.7/site-packages/kwikapi/api.py\", line 521, in handle_request\n    result = request.fn(**request.fn_params)\nTypeError: update_order() missing 1 required positional argument: 'order_no'"}
{"__requestid": "fd0bd", "namespace": "", "function": "update_order", "apiid": "", "message": {"message": "update_order() missing 1 required positional argument: 'order_no'", "code": 50000, "error": "[() TypeError]", "success": false}, "__params": {"oder_no": 1, "title": "noodels", "status": "no"}, "level": "error", "event": "handle_request_error", "timestamp": "2019-05-18T06:51:50.641221Z", "id": "20190518T065150_69c960a6793911e9b9236030d486a5f6", "type": "log", "host": "Namratas-MacBook-Air.local", "exception": "Traceback (most recent call last):\n  File \"/Users/namrata/venv1/lib/python3.7/site-packages/kwikapi/api.py\", line 531, in handle_request\n    raise e\n  File \"/Users/namrata/venv1/lib/python3.7/site-packages/kwikapi/api.py\", line 521, in handle_request\n    result = request.fn(**request.fn_params)\nTypeError: update_order() missing 1 required positional argument: 'order_no'"}
{"__requestid": "89615", "namespace": "", "function": "update_order", "apiid": "", "message": {"message": "update_order() missing 1 required positional argument: 'order_no'", "code": 50000, "error": "[() TypeError]", "success": false}, "__params": {"oder_no": 1, "title": "noodels", "status": "no"}, "level": "error", "event": "handle_request_error", "timestamp": "2019-05-18T06:52:03.519304Z", "id": "20190518T065203_71766aba793911e9b9236030d486a5f6", "type": "log", "host": "Namratas-MacBook-Air.local", "exception": "Traceback (most recent call last):\n  File \"/Users/namrata/venv1/lib/python3.7/site-packages/kwikapi/api.py\", line 531, in handle_request\n    raise e\n  File \"/Users/namrata/venv1/lib/python3.7/site-packages/kwikapi/api.py\", line 521, in handle_request\n    result = request.fn(**request.fn_params)\nTypeError: update_order() missing 1 required positional argument: 'order_no'"}
{"__requestid": "bcd51", "namespace": "", "function": "update_order", "apiid": "", "method": "GET", "compute_time": 0.18816614151000977, "serialize_time": 6.008148193359375e-05, "deserialize_time": 0.0, "__params": {"order_no": "2", "task": "cancelled", "title": "pasta"}, "protocol": "json", "type": "logged_metric", "num_req": 1, "level": "info", "event": "kwikapi.handle_request", "timestamp": "2019-05-18T06:52:29.352643Z", "id": "20190518T065229_80dc459c793911e9b9236030d486a5f6", "host": "Namratas-MacBook-Air.local"}
{"__requestid": "52204", "namespace": "", "function": "delete_order", "apiid": "", "method": "GET", "compute_time": 0.05604696273803711, "serialize_time": 5.221366882324219e-05, "deserialize_time": 0.0, "__params": {"order_no": "2"}, "protocol": "json", "type": "logged_metric", "num_req": 1, "level": "info", "event": "kwikapi.handle_request", "timestamp": "2019-05-18T07:14:47.261589Z", "id": "20190518T071447_9e50fd54793c11e9a0a76030d486a5f6", "host": "Namratas-MacBook-Air.local"}
{"__requestid": "76ae2", "namespace": "", "function": "get_details", "apiid": "", "method": "GET", "compute_time": 0.0034401416778564453, "serialize_time": 4.220008850097656e-05, "deserialize_time": 0.0, "__params": {"order_no": 1}, "protocol": "json", "type": "logged_metric", "num_req": 1, "level": "info", "event": "kwikapi.handle_request", "timestamp": "2019-05-18T07:15:07.779995Z", "id": "20190518T071507_aa8bd5f8793c11e9a0a76030d486a5f6", "host": "Namratas-MacBook-Air.local"}
{"__requestid": "9daf8", "namespace": "", "function": "get_details", "apiid": "", "method": "GET", "compute_time": 0.011664152145385742, "serialize_time": 3.3855438232421875e-05, "deserialize_time": 0.0, "__params": {}, "protocol": "json", "type": "logged_metric", "num_req": 1, "level": "info", "event": "kwikapi.handle_request", "timestamp": "2019-05-18T07:15:20.648101Z", "id": "20190518T071520_b23759ee793c11e9a0a76030d486a5f6", "host": "Namratas-MacBook-Air.local"}
{"__requestid": "1b1de", "namespace": "", "function": "get_details", "apiid": "", "method": "GET", "compute_time": 0.0031080245971679688, "serialize_time": 4.506111145019531e-05, "deserialize_time": 0.0, "__params": {}, "protocol": "json", "type": "logged_metric", "num_req": 1, "level": "info", "event": "kwikapi.handle_request", "timestamp": "2019-05-18T07:23:03.014267Z", "id": "20190518T072303_c5ced79c793d11e9b4556030d486a5f6", "host": "Namratas-MacBook-Air.local"}
